<?xml version="1.0" encoding="UTF-8"?>
<!-- Generated by org.testng.reporters.JUnitReportReporter -->
<testsuite hostname="shruti" failures="0" tests="8" name="testCase.TC01" time="73.744" errors="0" timestamp="2023-04-11T15:23:25 IST" skipped="0">
  <testcase classname="testCase.TC01" name="verifyScrollUp" time="9.628"/>
  <system-out/>
  <testcase classname="testCase.TC01" name="verifyCookiesHandle" time="7.201"/>
  <system-out/>
  <testcase classname="testCase.TC01" name="verifyGetWindowCareerHandle" time="7.662"/>
  <system-out/>
  <testcase classname="testCase.TC01" name="verifyGetWindowHandle" time="11.346"/>
  <system-out/>
  <testcase classname="testCase.TC01" name="verifySearchBar" time="10.647"/>
  <system-out/>
  <testcase classname="testCase.TC01" name="verifyCareerOption" time="6.724"/>
  <system-out/>
  <testcase classname="testCase.TC01" name="verifyMouseHover" time="10.646"/>
  <system-out/>
  <testcase classname="testCase.TC01" name="verifyScrollDown" time="9.890"/>
  <system-out/>
</testsuite> <!-- testCase.TC01 -->
